10:3:8 POST: /api/books/erreruser-agent: PostmanRuntime/7.28.4
10:5:2 POST: /api/books/erreruser-agent: PostmanRuntime/7.28.4
10:5:39 POST: /api/books/erreruser-agent: PostmanRuntime/7.28.4
16:58:32 POST, /api/books/, user-agent: PostmanRuntime/7.28.4
17:0:12 POST, /api/books/, user-agent: PostmanRuntime/7.28.4
17:0:57 POST, /api/books/, user-agent: PostmanRuntime/7.28.4
17:1:14 POST, /api/books/, user-agent: PostmanRuntime/7.28.4
17:1:36 POST, /api/books/, user-agent: PostmanRuntime/7.28.4
17:1:59 POST, /api/books/, user-agent: PostmanRuntime/7.28.4
17:6:45 POST, /api/books/, user-agent: PostmanRuntime/7.28.4
17:7:18 POST, /api/books/, user-agent: PostmanRuntime/7.28.4
17:7:32 POST, /api/books/, user-agent: PostmanRuntime/7.28.4
17:7:54 GET, /api/books/, user-agent: PostmanRuntime/7.28.4
17:8:31 POST, /api/books/, user-agent: PostmanRuntime/7.28.4
17:9:28 POST, /api/books/, user-agent: PostmanRuntime/7.28.4
17:10:12 POST, /api/books/, user-agent: PostmanRuntime/7.28.4
17:12:7 POST, /api/books/, user-agent: PostmanRuntime/7.28.4
17:13:52 POST, /api/books/, user-agent: PostmanRuntime/7.28.4
17:14:6 POST, /api/books/, user-agent: PostmanRuntime/7.28.4
17:14:32 POST, /api/books/, user-agent: PostmanRuntime/7.28.4
17:21:32 POST, /api/books/, user-agent: PostmanRuntime/7.28.4
17:21:45 POST, /api/books/, user-agent: PostmanRuntime/7.28.4
17:22:2 POST, /api/books/, user-agent: PostmanRuntime/7.28.4
17:23:42 POST, /api/books/, user-agent: PostmanRuntime/7.28.4
17:23:49 POST, /api/books/, user-agent: PostmanRuntime/7.28.4
17:30:55 POST, /api/books/, user-agent: PostmanRuntime/7.28.4
17:44:39 POST, /api/books/, user-agent: PostmanRuntime/7.28.4
17:48:33 POST, /api/books/, user-agent: PostmanRuntime/7.28.4
20:0:37 POST, /api/books/, user-agent: PostmanRuntime/7.28.4
20:1:13 POST, /api/books/, user-agent: PostmanRuntime/7.28.4
20:2:57 POST, /api/books/, user-agent: PostmanRuntime/7.28.4
20:3:12 POST, /api/books/, user-agent: PostmanRuntime/7.28.4
20:3:15 POST, /api/books/, user-agent: PostmanRuntime/7.28.4
20:4:40 POST, /api/books/, user-agent: PostmanRuntime/7.28.4
20:5:18 POST, /api/books/, user-agent: PostmanRuntime/7.28.4
20:5:40 POST, /api/books/, user-agent: PostmanRuntime/7.28.4
20:5:47 POST, /api/books/, user-agent: PostmanRuntime/7.28.4
20:5:49 POST, /api/books/, user-agent: PostmanRuntime/7.28.4
20:5:50 POST, /api/books/, user-agent: PostmanRuntime/7.28.4
20:6:46 POST, /api/books/, user-agent: PostmanRuntime/7.28.4
20:6:47 POST, /api/books/, user-agent: PostmanRuntime/7.28.4
20:6:48 POST, /api/books/, user-agent: PostmanRuntime/7.28.4
20:6:49 POST, /api/books/, user-agent: PostmanRuntime/7.28.4
20:7:7 POST, /api/books/, user-agent: PostmanRuntime/7.28.4
20:7:50 POST, /api/books/, user-agent: PostmanRuntime/7.28.4
20:9:57 POST, /api/books/, user-agent: PostmanRuntime/7.28.4
20:10:49 POST, /api/books/, user-agent: PostmanRuntime/7.28.4
20:12:2 POST, /api/books/, user-agent: PostmanRuntime/7.28.4
20:12:4 POST, /api/books/, user-agent: PostmanRuntime/7.28.4
20:12:51 POST, /api/books/, user-agent: PostmanRuntime/7.28.4
20:12:57 POST, /api/books/, user-agent: PostmanRuntime/7.28.4
20:13:12 POST, /api/books/, user-agent: PostmanRuntime/7.28.4
20:13:18 POST, /api/books/, user-agent: PostmanRuntime/7.28.4
20:18:34 POST, /api/books/, user-agent: PostmanRuntime/7.28.4
20:18:49 POST, /api/books/, user-agent: PostmanRuntime/7.28.4
20:31:9 POST, /api/books/, user-agent: PostmanRuntime/7.28.4
20:31:14 POST, /api/books/, user-agent: PostmanRuntime/7.28.4
20:31:15 POST, /api/books/, user-agent: PostmanRuntime/7.28.4
20:31:16 POST, /api/books/, user-agent: PostmanRuntime/7.28.4
20:31:23 POST, /api/books/, user-agent: PostmanRuntime/7.28.4
20:31:57 POST, /api/books/, user-agent: PostmanRuntime/7.28.4
20:32:33 POST, /api/books/, user-agent: PostmanRuntime/7.28.4
20:32:36 POST, /api/books/, user-agent: PostmanRuntime/7.28.4
20:32:40 POST, /api/books/, user-agent: PostmanRuntime/7.28.4
20:33:31 POST, /api/books/, user-agent: PostmanRuntime/7.28.4
20:35:2 POST, /api/books/, user-agent: PostmanRuntime/7.28.4
20:36:21 POST, /api/books/, user-agent: PostmanRuntime/7.28.4
20:39:40 POST, /api/books/, user-agent: PostmanRuntime/7.28.4
20:39:49 POST, /api/books/, user-agent: PostmanRuntime/7.28.4
20:44:10 POST, /api/books/, user-agent: PostmanRuntime/7.28.4
20:44:21 POST, /api/books/, user-agent: PostmanRuntime/7.28.4
20:44:39 POST, /api/books/, user-agent: PostmanRuntime/7.28.4
20:44:55 POST, /api/books/, user-agent: PostmanRuntime/7.28.4
20:45:4 POST, /api/books/, user-agent: PostmanRuntime/7.28.4
20:45:35 POST, /api/books/, user-agent: PostmanRuntime/7.28.4
20:45:56 POST, /api/books/, user-agent: PostmanRuntime/7.28.4
20:46:7 POST, /api/books/, user-agent: PostmanRuntime/7.28.4
20:47:27 POST, /api/books/, user-agent: PostmanRuntime/7.28.4
20:47:28 POST, /api/books/, user-agent: PostmanRuntime/7.28.4
20:47:36 POST, /api/books/, user-agent: PostmanRuntime/7.28.4
20:47:44 POST, /api/books/, user-agent: PostmanRuntime/7.28.4
20:48:11 POST, /api/books/, user-agent: PostmanRuntime/7.28.4
20:48:15 POST, /api/books/, user-agent: PostmanRuntime/7.28.4
20:48:31 POST, /api/books/, user-agent: PostmanRuntime/7.28.4
20:48:38 POST, /api/books/, user-agent: PostmanRuntime/7.28.4
20:49:6 POST, /api/books/, user-agent: PostmanRuntime/7.28.4
20:49:27 POST, /api/books/, user-agent: PostmanRuntime/7.28.4
20:49:45 POST, /api/books/, user-agent: PostmanRuntime/7.28.4
20:52:47 POST, /api/books/, user-agent: PostmanRuntime/7.28.4
22:5:20 POST, /api/books/, user-agent: PostmanRuntime/7.28.4
22:6:54 POST, /api/books/, user-agent: PostmanRuntime/7.28.4
22:7:9 POST, /api/books/, user-agent: PostmanRuntime/7.28.4
22:7:28 POST, /api/books/, user-agent: PostmanRuntime/7.28.4
22:8:3 POST, /api/books/, user-agent: PostmanRuntime/7.28.4
22:13:22 POST, /api/books/, user-agent: PostmanRuntime/7.28.4
22:18:0 POST, /api/books/, user-agent: PostmanRuntime/7.28.4
22:18:8 POST, /api/books/, user-agent: PostmanRuntime/7.28.4
22:18:30 POST, /api/books/, user-agent: PostmanRuntime/7.28.4
22:18:38 POST, /api/books/, user-agent: PostmanRuntime/7.28.4
22:20:35 POST, /api/books/, user-agent: PostmanRuntime/7.28.4
22:20:45 POST, /api/books/, user-agent: PostmanRuntime/7.28.4
22:22:55 PUT, /api/books/e7a5d616-a55e-48e4-84b2-aa39499e137822, user-agent: PostmanRuntime/7.28.4
22:23:21 PUT, /api/books/e7a5d616-a55e-48e4-84b2-aa39499e137822, user-agent: PostmanRuntime/7.28.4
22:23:31 PUT, /api/books/e7a5d616-a55e-48e4-84b2-aa39499e137822, user-agent: PostmanRuntime/7.28.4
22:23:37 GET, /api/books/, user-agent: PostmanRuntime/7.28.4
22:24:0 PUT, /api/books/66d8129b-336c-448a-9736-6fb1e0e8be4a, user-agent: PostmanRuntime/7.28.4
22:27:20 GET, /api/books/, user-agent: PostmanRuntime/7.28.4
22:27:33 PUT, /api/books/66d8129b-336c-448a-9736-6fb1e0e8be4a, user-agent: PostmanRuntime/7.28.4
22:27:36 GET, /api/books/, user-agent: PostmanRuntime/7.28.4
22:31:55 GET, /api/books/, user-agent: PostmanRuntime/7.28.4
22:32:0 PUT, /api/books/66d8129b-336c-448a-9736-6fb1e0e8be4a, user-agent: PostmanRuntime/7.28.4
22:33:1 PUT, /api/books/66d8129b-336c-448a-9736-6fb1e0e8be4a, user-agent: PostmanRuntime/7.28.4
22:33:14 PUT, /api/books/66d8129b-336c-448a-9736-6fb1e0e8be4a, user-agent: PostmanRuntime/7.28.4
22:33:28 PUT, /api/books/66d8129b-336c-448a-9736-6fb1e0e8be4a, user-agent: PostmanRuntime/7.28.4
22:33:42 PUT, /api/books/66d8129b-336c-448a-9736-6fb1e0e8be4a, user-agent: PostmanRuntime/7.28.4
22:33:59 PUT, /api/books/66d8129b-336c-448a-9736-6fb1e0e8be4a, user-agent: PostmanRuntime/7.28.4
22:34:8 PUT, /api/books/66d8129b-336c-448a-9736-6fb1e0e8be4a, user-agent: PostmanRuntime/7.28.4
22:34:15 PUT, /api/books/66d8129b-336c-448a-9736-6fb1e0e8be4a, user-agent: PostmanRuntime/7.28.4
22:34:30 PUT, /api/books/66d8129b-336c-448a-9736-6fb1e0e8be4a, user-agent: PostmanRuntime/7.28.4
22:34:39 PUT, /api/books/66d8129b-336c-448a-9736-6fb1e0e8be4a, user-agent: PostmanRuntime/7.28.4
22:34:51 PUT, /api/books/66d8129b-336c-448a-9736-6fb1e0e8be4a, user-agent: PostmanRuntime/7.28.4
22:35:12 PUT, /api/books/66d8129b-336c-448a-9736-6fb1e0e8be4a, user-agent: PostmanRuntime/7.28.4
22:35:25 PUT, /api/books/66d8129b-336c-448a-9736-6fb1e0e8be4a, user-agent: PostmanRuntime/7.28.4
22:35:35 PUT, /api/books/66d8129b-336c-448a-9736-6fb1e0e8be4a, user-agent: PostmanRuntime/7.28.4
22:36:0 PUT, /api/books/66d8129b-336c-448a-9736-6fb1e0e8be4a, user-agent: PostmanRuntime/7.28.4
22:36:53 PUT, /api/books/66d8129b-336c-448a-9736-6fb1e0e8be4a, user-agent: PostmanRuntime/7.28.4
22:41:22 PUT, /api/books/66d8129b-336c-448a-9736-6fb1e0e8be4a, user-agent: PostmanRuntime/7.28.4
22:41:26 PUT, /api/books/66d8129b-336c-448a-9736-6fb1e0e8be4a, user-agent: PostmanRuntime/7.28.4
22:42:26 POST, /api/books/, user-agent: PostmanRuntime/7.28.4
22:42:39 GET, /api/books/, user-agent: PostmanRuntime/7.28.4
22:42:58 POST, /api/books/, user-agent: PostmanRuntime/7.28.4
22:43:2 GET, /api/books/, user-agent: PostmanRuntime/7.28.4
22:43:18 PUT, /api/books/24be40f7-6af6-4e0e-aec2-b0de208b414c, user-agent: PostmanRuntime/7.28.4
22:43:37 PUT, /api/books/24be40f7-6af6-4e0e-aec2-b0de208b414c, user-agent: PostmanRuntime/7.28.4
22:44:40 GET, /api/books/, user-agent: PostmanRuntime/7.28.4
22:44:44 POST, /api/books/, user-agent: PostmanRuntime/7.28.4
22:44:58 PUT, /api/books/24be40f7-6af6-4e0e-aec2-b0de208b414c, user-agent: PostmanRuntime/7.28.4
22:45:15 PUT, /api/books/474f28c5-1dd2-4815-bfb3-6e395d4d31ec, user-agent: PostmanRuntime/7.28.4
22:46:8 PUT, /api/books/474f28c5-1dd2-4815-bfb3-6e395d4d31ec, user-agent: PostmanRuntime/7.28.4
22:46:33 PUT, /api/books/474f28c5-1dd2-4815-bfb3-6e395d4d31ec, user-agent: PostmanRuntime/7.28.4
22:47:19 POST, /api/books/, user-agent: PostmanRuntime/7.28.4
22:47:52 PUT, /api/books/474f28c5-1dd2-4815-bfb3-6e395d4d31ec, user-agent: PostmanRuntime/7.28.4
22:48:40 PUT, /api/books/fcdee15a-0ec3-4859-b204-178bc7584441, user-agent: PostmanRuntime/7.28.4
22:50:6 PUT, /api/books/fcdee15a-0ec3-4859-b204-178bc7584441, user-agent: PostmanRuntime/7.28.4
22:50:14 PUT, /api/books/fcdee15a-0ec3-4859-b204-178bc7584441, user-agent: PostmanRuntime/7.28.4
22:50:45 GET, /api/books/, user-agent: PostmanRuntime/7.28.4
22:51:0 POST, /api/books/, user-agent: PostmanRuntime/7.28.4
22:51:15 PUT, /api/books/56593d10-dff9-4e77-b291-97cfcb2bba27, user-agent: PostmanRuntime/7.28.4
22:51:36 PUT, /api/books/56593d10-dff9-4e77-b291-97cfcb2bba27, user-agent: PostmanRuntime/7.28.4
22:51:57 PUT, /api/books/56593d10-dff9-4e77-b291-97cfcb2bba27, user-agent: PostmanRuntime/7.28.4
22:53:8 DELETE, /api/books/56593d10-dff9-4e77-b291-97cfcb2bba27, user-agent: PostmanRuntime/7.28.4
23:8:8 GET, /api/books/fcdee15a-0ec3-4859-b204-178bc7584441/download, user-agent: PostmanRuntime/7.28.4
23:8:45 GET, /api/books/fcdee15a-0ec3-4859-b204-178bc7584441/download, user-agent: PostmanRuntime/7.28.4
23:8:49 GET, /api/books/fcdee15a-0ec3-4859-b204-178bc7584441/download, user-agent: PostmanRuntime/7.28.4
23:8:59 GET, /api/books/fcdee15a-0ec3-4859-b204-178bc7584441/download, user-agent: PostmanRuntime/7.28.4
23:9:21 GET, /api/books/fcdee15a-0ec3-4859-b204-178bc7584441/download, user-agent: PostmanRuntime/7.28.4
23:9:32 GET, /api/books/fcdee15a-0ec3-4859-b204-178bc7584441/download, user-agent: PostmanRuntime/7.28.4
23:9:48 GET, /api/books, user-agent: PostmanRuntime/7.28.4
23:9:54 POST, /api/books/, user-agent: PostmanRuntime/7.28.4
23:10:4 GET, /api/books/d522af28-aadb-45c7-81b9-c5af36d48d88/download, user-agent: PostmanRuntime/7.28.4
23:10:14 GET, /api/books, user-agent: PostmanRuntime/7.28.4
23:10:27 GET, /api/books/d522af28-aadb-45c7-81b9-c5af36d48d88/download, user-agent: PostmanRuntime/7.28.4
23:10:45 GET, /api/books/d522af28-aadb-45c7-81b9-c5af36d48d88/download, user-agent: PostmanRuntime/7.28.4
23:11:52 GET, /api/books/d522af28-aadb-45c7-81b9-c5af36d48d88/download, user-agent: PostmanRuntime/7.28.4
23:12:7 GET, /api/books/d522af28-aadb-45c7-81b9-c5af36d48d88/download, user-agent: PostmanRuntime/7.28.4
23:12:53 GET, /api/books/d522af28-aadb-45c7-81b9-c5af36d48d88/download, user-agent: PostmanRuntime/7.28.4
23:13:8 GET, /api/books/d522af28-aadb-45c7-81b9-c5af36d48d88/download, user-agent: PostmanRuntime/7.28.4
23:13:29 GET, /api/books/d522af28-aadb-45c7-81b9-c5af36d48d88/download, user-agent: PostmanRuntime/7.28.4
23:23:11 GET, /api/books/d522af28-aadb-45c7-81b9-c5af36d48d88/download, user-agent: PostmanRuntime/7.28.4
23:23:33 GET, /api/books/d522af28-aadb-45c7-81b9-c5af36d48d88/download, user-agent: PostmanRuntime/7.28.4
23:23:45 GET, /api/books/d522af28-aadb-45c7-81b9-c5af36d48d88/download, user-agent: PostmanRuntime/7.28.4
23:24:10 GET, /api/books/d522af28-aadb-45c7-81b9-c5af36d48d88/download, user-agent: PostmanRuntime/7.28.4
23:24:23 GET, /api/books/d522af28-aadb-45c7-81b9-c5af36d48d88/download, user-agent: PostmanRuntime/7.28.4
23:24:38 GET, /api/books/d522af28-aadb-45c7-81b9-c5af36d48d88/download, user-agent: PostmanRuntime/7.28.4
23:25:15 GET, /api/books/d522af28-aadb-45c7-81b9-c5af36d48d88/download, user-agent: PostmanRuntime/7.28.4
23:27:24 GET, /api/books/d522af28-aadb-45c7-81b9-c5af36d48d88/download, user-agent: PostmanRuntime/7.28.4
23:30:7 GET, /api/books/d522af28-aadb-45c7-81b9-c5af36d48d88/download, user-agent: PostmanRuntime/7.28.4
23:41:22 GET, /api/books/d522af28-aadb-45c7-81b9-c5af36d48d88/download, user-agent: PostmanRuntime/7.28.4
23:41:36 GET, /api/books/d522af28-aadb-45c7-81b9-c5af36d48d88/download, user-agent: PostmanRuntime/7.28.4
23:42:56 GET, /api/books/d522af28-aadb-45c7-81b9-c5af36d48d88/download, user-agent: PostmanRuntime/7.28.4
23:43:5 GET, /api/books, user-agent: PostmanRuntime/7.28.4
23:43:23 GET, /api/books/d522af28-aadb-45c7-81b9-c5af36d48d88/download, user-agent: PostmanRuntime/7.28.4
23:45:4 GET, /api/books/d522af28-aadb-45c7-81b9-c5af36d48d88/download, user-agent: PostmanRuntime/7.28.4
23:46:7 GET, /api/books/d522af28-aadb-45c7-81b9-c5af36d48d88/download, user-agent: PostmanRuntime/7.28.4
23:46:9 GET, /api/books/d522af28-aadb-45c7-81b9-c5af36d48d88/download, user-agent: PostmanRuntime/7.28.4
23:49:33 GET, /api/books/d522af28-aadb-45c7-81b9-c5af36d48d88/download, user-agent: PostmanRuntime/7.28.4
23:49:46 GET, /api/books/d522af28-aadb-45c7-81b9-c5af36d48d88/download, user-agent: PostmanRuntime/7.28.4
23:50:29 GET, /api/books/d522af28-aadb-45c7-81b9-c5af36d48d88/download, user-agent: PostmanRuntime/7.28.4
23:59:26 GET, /api/books/d522af28-aadb-45c7-81b9-c5af36d48d88/download, user-agent: PostmanRuntime/7.28.4
23:59:52 GET, /api/books/d522af28-aadb-45c7-81b9-c5af36d48d88/download, user-agent: PostmanRuntime/7.28.4
0:0:9 GET, /api/books/d522af28-aadb-45c7-81b9-c5af36d48d88/download, user-agent: PostmanRuntime/7.28.4
0:0:20 GET, /api/books/d522af28-aadb-45c7-81b9-c5af36d48d88/download, user-agent: PostmanRuntime/7.28.4
0:0:47 GET, /api/books/d522af28-aadb-45c7-81b9-c5af36d48d88/download, user-agent: PostmanRuntime/7.28.4
0:2:37 GET, /api/books/d522af28-aadb-45c7-81b9-c5af36d48d88/download, user-agent: PostmanRuntime/7.28.4
0:2:38 GET, /api/books/d522af28-aadb-45c7-81b9-c5af36d48d88/download, user-agent: PostmanRuntime/7.28.4
0:2:38 GET, /api/books/d522af28-aadb-45c7-81b9-c5af36d48d88/download, user-agent: PostmanRuntime/7.28.4
0:2:54 GET, /api/books/d522af28-aadb-45c7-81b9-c5af36d48d88/download, user-agent: PostmanRuntime/7.28.4
0:3:44 GET, /api/books/d522af28-aadb-45c7-81b9-c5af36d48d88/download, user-agent: PostmanRuntime/7.28.4
0:3:50 GET, /api/books/d522af28-aadb-45c7-81b9-c5af36d48d88/download, user-agent: PostmanRuntime/7.28.4
0:5:24 GET, /api/books/d522af28-aadb-45c7-81b9-c5af36d48d88/download, user-agent: PostmanRuntime/7.28.4
0:6:36 GET, /api/books/d522af28-aadb-45c7-81b9-c5af36d48d88/download, user-agent: Mozilla/5.0 (Windows NT 10.0; Win64; x64) AppleWebKit/537.36 (KHTML, like Gecko) Chrome/94.0.4606.61 Safari/537.36
0:6:55 GET, /api/books/d522af28-aadb-45c7-81b9-c5af36d48d88/download, user-agent: Mozilla/5.0 (Windows NT 10.0; Win64; x64) AppleWebKit/537.36 (KHTML, like Gecko) Chrome/94.0.4606.61 Safari/537.36
0:8:21 GET, /api/books/d522af28-aadb-45c7-81b9-c5af36d48d88/download, user-agent: PostmanRuntime/7.28.4
0:25:7 GET, /api/books/d522af28-aadb-45c7-81b9-c5af36d48d88/download, user-agent: PostmanRuntime/7.28.4
0:25:39 GET, /api/books/d522af28-aadb-45c7-81b9-c5af36d48d88/download, user-agent: Mozilla/5.0 (Windows NT 10.0; Win64; x64) AppleWebKit/537.36 (KHTML, like Gecko) Chrome/94.0.4606.61 Safari/537.36
0:25:41 GET, /api/books/d522af28-aadb-45c7-81b9-c5af36d48d88/download, user-agent: Mozilla/5.0 (Windows NT 10.0; Win64; x64) AppleWebKit/537.36 (KHTML, like Gecko) Chrome/94.0.4606.61 Safari/537.36
0:25:41 GET, /robots.txt?1632950741238, user-agent: Mozilla/5.0 (Windows NT 10.0; Win64; x64) AppleWebKit/537.36 (KHTML, like Gecko) Chrome/94.0.4606.61 Safari/537.36
0:26:2 GET, /api/books, user-agent: PostmanRuntime/7.28.4
0:26:20 POST, /api/books/, user-agent: PostmanRuntime/7.28.4
0:26:27 GET, /api/books/11524234-ab33-4e9b-a189-235924c60597/download, user-agent: Mozilla/5.0 (Windows NT 10.0; Win64; x64) AppleWebKit/537.36 (KHTML, like Gecko) Chrome/94.0.4606.61 Safari/537.36
0:29:50 POST, /api/books/, user-agent: PostmanRuntime/7.28.4
0:30:6 GET, /api/books/d798c177-0f67-4362-bcf1-f1b9b478907d/download, user-agent: PostmanRuntime/7.28.4
0:30:35 POST, /api/books/, user-agent: PostmanRuntime/7.28.4
0:30:47 GET, /api/books/a46745b0-b638-433c-b113-486704f8f4e6/download, user-agent: PostmanRuntime/7.28.4
18:16:2 GET, /, user-agent: Mozilla/5.0 (Windows NT 10.0; Win64; x64) AppleWebKit/537.36 (KHTML, like Gecko) Chrome/94.0.4606.61 Safari/537.36
18:16:2 GET, /robots.txt?1633014962409, user-agent: Mozilla/5.0 (Windows NT 10.0; Win64; x64) AppleWebKit/537.36 (KHTML, like Gecko) Chrome/94.0.4606.61 Safari/537.36
18:16:2 GET, /robots.txt?1633014962917, user-agent: Mozilla/5.0 (Windows NT 10.0; Win64; x64) AppleWebKit/537.36 (KHTML, like Gecko) Chrome/94.0.4606.61 Safari/537.36
18:16:2 GET, /favicon.ico, user-agent: Mozilla/5.0 (Windows NT 10.0; Win64; x64) AppleWebKit/537.36 (KHTML, like Gecko) Chrome/94.0.4606.61 Safari/537.36
18:16:18 GET, /sdfsdf, user-agent: Mozilla/5.0 (Windows NT 10.0; Win64; x64) AppleWebKit/537.36 (KHTML, like Gecko) Chrome/94.0.4606.61 Safari/537.36
18:16:18 GET, /robots.txt?1633014978915, user-agent: Mozilla/5.0 (Windows NT 10.0; Win64; x64) AppleWebKit/537.36 (KHTML, like Gecko) Chrome/94.0.4606.61 Safari/537.36
18:19:35 GET, /, user-agent: Mozilla/5.0 (Windows NT 10.0; Win64; x64) AppleWebKit/537.36 (KHTML, like Gecko) Chrome/94.0.4606.61 Safari/537.36
18:19:35 GET, /robots.txt?1633015175873, user-agent: Mozilla/5.0 (Windows NT 10.0; Win64; x64) AppleWebKit/537.36 (KHTML, like Gecko) Chrome/94.0.4606.61 Safari/537.36
18:20:33 GET, /, user-agent: Mozilla/5.0 (Windows NT 10.0; Win64; x64) AppleWebKit/537.36 (KHTML, like Gecko) Chrome/94.0.4606.61 Safari/537.36
18:20:33 GET, /robots.txt?1633015233597, user-agent: Mozilla/5.0 (Windows NT 10.0; Win64; x64) AppleWebKit/537.36 (KHTML, like Gecko) Chrome/94.0.4606.61 Safari/537.36
18:20:33 GET, /favicon.ico, user-agent: Mozilla/5.0 (Windows NT 10.0; Win64; x64) AppleWebKit/537.36 (KHTML, like Gecko) Chrome/94.0.4606.61 Safari/537.36
18:20:36 GET, /, user-agent: Mozilla/5.0 (Windows NT 10.0; Win64; x64) AppleWebKit/537.36 (KHTML, like Gecko) Chrome/94.0.4606.61 Safari/537.36
18:20:36 GET, /robots.txt?1633015236495, user-agent: Mozilla/5.0 (Windows NT 10.0; Win64; x64) AppleWebKit/537.36 (KHTML, like Gecko) Chrome/94.0.4606.61 Safari/537.36
18:20:54 GET, /, user-agent: Mozilla/5.0 (Windows NT 10.0; Win64; x64) AppleWebKit/537.36 (KHTML, like Gecko) Chrome/94.0.4606.61 Safari/537.36
18:20:54 GET, /robots.txt?1633015254203, user-agent: Mozilla/5.0 (Windows NT 10.0; Win64; x64) AppleWebKit/537.36 (KHTML, like Gecko) Chrome/94.0.4606.61 Safari/537.36
18:21:14 GET, /, user-agent: Mozilla/5.0 (Windows NT 10.0; Win64; x64) AppleWebKit/537.36 (KHTML, like Gecko) Chrome/94.0.4606.61 Safari/537.36
18:21:14 GET, /robots.txt?1633015274308, user-agent: Mozilla/5.0 (Windows NT 10.0; Win64; x64) AppleWebKit/537.36 (KHTML, like Gecko) Chrome/94.0.4606.61 Safari/537.36
